[?25l[2K[1G[36m?[39m [1mConfirm deploy to network base-sepolia (84532)?[22m [90m›[39m [90m(y/N)[39m[2K[1G[2K[1G[32m✔[39m [1mConfirm deploy to network base-sepolia (84532)?[22m [90m…[39m yes
[?25h ·------------------------------------|--------------------------------|--------------------------------·
 |  Solc version: 0.8.28              ·  Optimizer enabled: true       ·  Runs: 1                       │
 ·····································|································|·································
 |  Contract Name                     ·  Deployed size (KiB) (change)  ·  Initcode size (KiB) (change)  │
 ·····································|································|·································
 |  Arrays                            ·                 0.084 (0.000)  ·                 0.138 (0.000)  │
 ·····································|································|·································
 |  Base64                            ·                 0.084 (0.000)  ·                 0.138 (0.000)  │
 ·····································|································|·································
 |  ByteHasher                        ·                 0.084 (0.000)  ·                 0.138 (0.000)  │
 ·····································|································|·································
 |  CadenceArchCaller                 ·                 0.469 (0.000)  ·                 0.499 (0.000)  │
 ·····································|································|·································
 |  Comparators                       ·                 0.084 (0.000)  ·                 0.138 (0.000)  │
 ·····································|································|·································
 |  console                           ·                 0.084 (0.000)  ·                 0.138 (0.000)  │
 ·····································|································|·································
 |  DroneYard                         ·                 5.887 (0.000)  ·                 6.183 (0.000)  │
 ·····································|································|·································
 |  EnumerableSet                     ·                 0.084 (0.000)  ·                 0.138 (0.000)  │
 ·····································|································|·································
 |  ERC721Utils                       ·                 0.084 (0.000)  ·                 0.138 (0.000)  │
 ·····································|································|·································
 |  Fleets                            ·                 7.140 (0.000)  ·                 7.408 (0.000)  │
 ·····································|································|·································
 |  Game                              ·                23.980 (0.000)  ·                24.291 (0.000)  │
 ·····································|································|·································
 |  GameResults                       ·                 2.854 (0.000)  ·                 3.011 (0.000)  │
 ·····································|································|·································
 |  GenerateNewShip                   ·                 4.710 (0.000)  ·                 4.846 (0.000)  │
 ·····································|································|·································
 |  ImageRenderer                     ·                 4.345 (0.000)  ·                 4.655 (0.000)  │
 ·····································|································|·································
 |  Lobbies                           ·                14.552 (0.000)  ·                14.847 (0.000)  │
 ·····································|································|·································
 |  Maps                              ·                12.883 (0.000)  ·                13.039 (0.000)  │
 ·····································|································|·································
 |  Math                              ·                 0.084 (0.000)  ·                 0.138 (0.000)  │
 ·····································|································|·································
 |  MockOnchainRandomShipNames        ·                 0.328 (0.000)  ·                 0.358 (0.000)  │
 ·····································|································|·································
 |  MockShipNames                     ·                 0.732 (0.000)  ·                 2.381 (0.000)  │
 ·····································|································|·································
 |  MockTutorialGameResults           ·                 0.414 (0.000)  ·                 0.444 (0.000)  │
 ·····································|································|·································
 |  MockTutorialReentrantGameResults  ·                 0.398 (0.000)  ·                 0.429 (0.000)  │
 ·····································|································|·································
 |  MockTutorialShips                 ·                 5.322 (0.000)  ·                 5.357 (0.000)  │
 ·····································|································|·································
 |  MockWorldID                       ·                 0.425 (0.000)  ·                 0.455 (0.000)  │
 ·····································|································|·································
 |  Panic                             ·                 0.084 (0.000)  ·                 0.138 (0.000)  │
 ·····································|································|·································
 |  RandomManager                     ·                 0.391 (0.000)  ·                 0.421 (0.000)  │
 ·····································|································|·································
 |  RenderAft                         ·                 2.578 (0.000)  ·                 3.203 (0.000)  │
 ·····································|································|·································
 |  RenderAft0                        ·                15.218 (0.000)  ·                15.248 (0.000)  │
 ·····································|································|·································
 |  RenderAft1                        ·                18.685 (0.000)  ·                18.715 (0.000)  │
 ·····································|································|·································
 |  RenderAft2                        ·                22.802 (0.000)  ·                22.832 (0.000)  │
 ·····································|································|·································
 |  RenderArmor1                      ·                21.965 (0.000)  ·                21.995 (0.000)  │
 ·····································|································|·································
 |  RenderArmor2                      ·                20.070 (0.000)  ·                20.101 (0.000)  │
 ·····································|································|·································
 |  RenderArmor3                      ·                23.910 (0.000)  ·                23.940 (0.000)  │
 ·····································|································|·································
 |  RenderBaseBody                    ·                20.962 (0.000)  ·                20.992 (0.000)  │
 ·····································|································|·································
 |  RenderBody                        ·                 3.456 (0.000)  ·                 4.366 (0.000)  │
 ·····································|································|·································
 |  RenderFore                        ·                 2.857 (0.000)  ·                 3.553 (0.000)  │
 ·····································|································|·································
 |  RenderFore0                       ·                19.370 (0.000)  ·                19.400 (0.000)  │
 ·····································|································|·································
 |  RenderFore1                       ·                21.095 (0.000)  ·                21.125 (0.000)  │
 ·····································|································|·································
 |  RenderFore2                       ·                15.211 (0.000)  ·                15.241 (0.000)  │
 ·····································|································|·································
 |  RenderForePerfect                 ·                18.298 (0.000)  ·                18.328 (0.000)  │
 ·····································|································|·································
 |  RenderMetadata                    ·                 6.500 (0.000)  ·                 6.636 (0.000)  │
 ·····································|································|·································
 |  RenderShield1                     ·                22.476 (0.000)  ·                22.506 (0.000)  │
 ·····································|································|·································
 |  RenderShield2                     ·                19.989 (0.000)  ·                20.020 (0.000)  │
 ·····································|································|·································
 |  RenderShield3                     ·                23.615 (0.000)  ·                23.646 (0.000)  │
 ·····································|································|·································
 |  RenderSpecial                     ·                 2.734 (0.000)  ·                 3.364 (0.000)  │
 ·····································|································|·································
 |  RenderSpecial1                    ·                23.048 (0.000)  ·                23.078 (0.000)  │
 ·····································|································|·································
 |  RenderSpecial2                    ·                14.648 (0.000)  ·                14.679 (0.000)  │
 ·····································|································|·································
 |  RenderSpecial3                    ·                23.650 (0.000)  ·                23.681 (0.000)  │
 ·····································|································|·································
 |  RenderWeapon                      ·                 2.822 (0.000)  ·                 3.520 (0.000)  │
 ·····································|································|·································
 |  RenderWeapon1                     ·                 8.509 (0.000)  ·                 8.539 (0.000)  │
 ·····································|································|·································
 |  RenderWeapon2                     ·                10.174 (0.000)  ·                10.204 (0.000)  │
 ·····································|································|·································
 |  RenderWeapon3                     ·                20.953 (0.000)  ·                20.983 (0.000)  │
 ·····································|································|·································
 |  RenderWeapon4                     ·                16.417 (0.000)  ·                16.447 (0.000)  │
 ·····································|································|·································
 |  SafeCast                          ·                 0.084 (0.000)  ·                 0.138 (0.000)  │
 ·····································|································|·································
 |  ShipAttributes                    ·                12.010 (0.000)  ·                16.106 (0.000)  │
 ·····································|································|·································
 |  ShipPurchaser                     ·                 4.890 (0.000)  ·                 5.928 (0.000)  │
 ·····································|································|·································
 |  Ships                             ·                23.749 (0.000)  ·                24.905 (0.000)  │
 ·····································|································|·································
 |  SignedMath                        ·                 0.084 (0.000)  ·                 0.138 (0.000)  │
 ·····································|································|·································
 |  SlotDerivation                    ·                 0.084 (0.000)  ·                 0.138 (0.000)  │
 ·····································|································|·································
 |  StorageSlot                       ·                 0.084 (0.000)  ·                 0.138 (0.000)  │
 ·····································|································|·································
 |  Strings                           ·                 0.084 (0.000)  ·                 0.138 (0.000)  │
 ·····································|································|·································
 |  Tournament                        ·                11.254 (0.000)  ·                11.656 (0.000)  │
 ·····································|································|·································
 |  TutorialClaim                     ·                 2.816 (0.000)  ·                 3.079 (0.000)  │
 ·····································|································|·································
 |  UniversalCredits                  ·                 2.787 (0.000)  ·                 3.410 (0.000)  │
 ·------------------------------------|--------------------------------|--------------------------------·
Hardhat Ignition starting for [ DeployModule ]...[2K[1G[ DeployModule ] Nothing new to deploy based on previous execution stored in ./ignition/deployments/chain-84532

Deployed Addresses

DeployModule#GameResults - 0x6870B0a9A37f29b34090bC3fE43789625ae1309e
DeployModule#Maps - 0x87a86713CB08EEC97bAD72Be42567dFBEa0323eA
DeployModule#MockOnchainRandomShipNames - 0xc98Aa64c7504eb47c595EB00393b9A91b986c93b
DeployModule#RandomManager - 0x73760ba11F7f4B7C3c30FA2AA52d84f6eCd4090E
DeployModule#RenderAft0 - 0x68047025F520c730B861f67dC88F206F487f62Ef
DeployModule#RenderAft1 - 0xF56A778A7847C9488d7Ca82d10071c8a47284e9A
DeployModule#RenderAft2 - 0xF0fdB7f7F7DA946d574337606c2c6fac34a3E4d9
DeployModule#RenderArmor1 - 0xA7D9093A1715B587f249448Dd540435438DbE167
DeployModule#RenderArmor2 - 0x5638d1E29926134AA862d39F990eb90a1F8B6f1D
DeployModule#RenderArmor3 - 0x0e8bC19409e8E852b76BCEcAd1f1af465e936668
DeployModule#RenderBaseBody - 0xC0e46457bfD4d7f1f38462a0725AC47eCBF12459
DeployModule#RenderFore0 - 0xF6F1a5b901c12b150D4E5e2D1856E1f264BEcFcD
DeployModule#RenderFore1 - 0x3D5E8a53A07322d79d61D51D0Ed7971EadFCF5b1
DeployModule#RenderFore2 - 0xF06AE5E687C89af1B1066bF36F077a6ba39dDC0c
DeployModule#RenderForePerfect - 0x677725521ec3f0747A86A8C9893A1d156F84af34
DeployModule#RenderShield1 - 0x662687ab1bfafe17a1e934330cEC2b947533Ca13
DeployModule#RenderShield2 - 0x6E8038FD3670D59c29404Cf4BC1016bDf48F8878
DeployModule#RenderShield3 - 0xE882545Fd3D7f0f6335245306d67a7Fe5EbB49E1
DeployModule#RenderSpecial1 - 0xD66D84c74758277f17bE39a071e881F340bf44Dd
DeployModule#RenderSpecial2 - 0x1247823779404DbFa2F8f6fE79fF5d0B3378f1A2
DeployModule#RenderSpecial3 - 0x479a23daDd80F5c3bA053548D752520dA6297BC7
DeployModule#RenderWeapon1 - 0xa197780bb09a00Fa7a938a9FabeAbB8112b215fc
DeployModule#RenderWeapon2 - 0x3Fec4b4427E95a7DacE7D13e8B5E1E3BCC69ccCC
DeployModule#RenderWeapon3 - 0xBcacd55FEAB6f0BF7C3DFA60F0CE306A0bfc7ede
DeployModule#RenderWeapon4 - 0x51EFA68a19cbD58257E17fE3891e1b224144BBa8
DeployModule#UniversalCredits - 0xEDE448efA93A9C44Ddf7b7bef5337efd18C0dCC1
DeployModule#GenerateNewShip - 0x201c6B3F66AB30f7B5F11ea2C80D30585B952311
DeployModule#RenderAft - 0x7Ce120e778576AAC9982997d6bBC1Cdf23450B78
DeployModule#RenderBody - 0x9Cd871b12D0e2Cf3a0836184f52F702C22A68e2C
DeployModule#RenderFore - 0x187B97981fdd0bE1A58987e44267a6C6d2C489fB
DeployModule#RenderSpecial - 0xA208A6c0bAb2Ef9b153f621e1eB932dE65f6cc36
DeployModule#RenderWeapon - 0xDB77fa76e840A2fB144da34E6d30a080C4aa1Ae2
DeployModule#ImageRenderer - 0xfB74717F99C68c95e0678eDAD4d0e1dF90c24187
DeployModule#RenderMetadata - 0xBB6e0c4BFbB9C6a0AC29d33DeE00641834d0EfDD
DeployModule#Ships - 0x39c56AF4Ece42d199d68c6f4A23b4E53d3403b20
DeployModule#Fleets - 0xB5A949e74a5cd8d31b7463E991d198bbC2cF953b
DeployModule#Lobbies - 0x18aAfa993b15499d3A9Bf5d1C907Ac04f6226EEf
DeployModule#ShipAttributes - 0x4f9c8f7f2aa156C819Ef84ba442a39A68C53Dd16
DeployModule#ShipPurchaser - 0x1Bc215fce4e286286282b925FB42689815Fe7004
DeployModule#TutorialClaim - 0x1f835227C66E2350fA1178E1Cb92E9F770622aFb
DeployModule#DroneYard - 0x079a16c4933972B671c871a744264F536b580E5A
DeployModule#Game - 0xC6d76c30af8Ac2ce66eE0D9D69D9b9b043C2c139

Verifying deployed contracts

Verifying contract "contracts/GameResults.sol:GameResults" for network base-sepolia...
Error in plugin hardhat-ignition: Verification failed. Please run `hardhat ignition verify chain-84532 --include-unrelated-contracts` to attempt verifying all contracts.

For more info run Hardhat with --show-stack-traces
